#
# A fatal error has been detected by the Java Runtime Environment:
#
#  EXCEPTION_ACCESS_VIOLATION (0xc0000005) at pc=0x00007fff51311cc3, pid=9264, tid=0x0000000000002a68
#
# JRE version: Java(TM) SE Runtime Environment (8.0_371) (build 1.8.0_371-b11)
# Java VM: Java HotSpot(TM) 64-Bit Server VM (25.371-b11 mixed mode windows-amd64 compressed oops)
# Problematic frame:
# C  [MemMapLib.dll0+0x1cc3]
#
# Failed to write core dump. Minidumps are not enabled by default on client versions of Windows
#
# If you would like to submit a bug report, please visit:
#   http://bugreport.java.com/bugreport/crash.jsp
# The crash happened outside the Java Virtual Machine in native code.
# See problematic frame for where to report the bug.
#

---------------  T H R E A D  ---------------

Current thread (0x000001d262091800):  JavaThread "Thread-2" [_thread_in_native, id=10856, stack(0x0000009faa400000,0x0000009faa500000)]

siginfo: ExceptionCode=0xc0000005, writing address 0x00000000638c0000

Registers:
RAX=0x00000000ed265100, RBX=0x00000000ed2651d0, RCX=0x00000000638c0000, RDX=0x00000000899a51d0
RSP=0x0000009faa4feeb8, RBP=0x0000009faa4fefb0, RSI=0x0000009faa4feff0, RDI=0x000001d262091a00
R8 =0x0000000000000004, R9 =0x0000009faa4feff0, R10=0x000001d24deba002, R11=0x00000000638c0000
R12=0x0000000000000000, R13=0x00000000638c0000, R14=0x0000000000000004, R15=0x000001d262091800
RIP=0x00007fff51311cc3, EFLAGS=0x0000000000010202

Top of Stack: (sp=0x0000009faa4feeb8)
0x0000009faa4feeb8:   00007fff513112dd 000001d25f9cdbf0
0x0000009faa4feec8:   0000009faa4fefb0 0000009faa4feff0
0x0000009faa4feed8:   0000000000000190 00000000ed2651d0
0x0000009faa4feee8:   fffffffffffffffe 0000009faa4feff8
0x0000009faa4feef8:   000001d25f9cdbf0 000001d24dea7e40
0x0000009faa4fef08:   0000000000000190 000001d25f9cdbf0
0x0000009faa4fef18:   000001d24deba02e 000001d262091a00
0x0000009faa4fef28:   0000000000000190 000001d24dea7e00
0x0000009faa4fef38:   0000009faa4feff0 000001d200000004
0x0000009faa4fef48:   0000009f00010722 0000000000000001
0x0000009faa4fef58:   000001d200010716 0000009faa4ff080
0x0000009faa4fef68:   000001d24deb9ce2 0000009faa4fef70
0x0000009faa4fef78:   000001d25f9cdbf0 0000009faa4feff8
0x0000009faa4fef88:   000001d25f9cdeb8 0000000000000000
0x0000009faa4fef98:   000001d25f9cdbf0 0000000000000000
0x0000009faa4fefa8:   0000009faa4fefd0 0000009faa4ff040 

Instructions: (pc=0x00007fff51311cc3)
0x00007fff51311ca3:   48 89 01 48 83 c1 08 49 ff c9 75 f0 49 83 e0 07
0x00007fff51311cb3:   4d 85 c0 75 08 49 8b c3 c3 0f 1f 40 00 8a 04 0a
0x00007fff51311cc3:   88 01 48 ff c1 49 ff c8 75 f3 49 8b c3 c3 66 66
0x00007fff51311cd3:   66 66 66 66 66 0f 1f 84 00 00 00 00 00 66 66 66 


Register to memory mapping:

RAX=0x00000000ed265100 is an oop

[error occurred during error reporting (printing register info), id 0xc0000005]

Stack: [0x0000009faa400000,0x0000009faa500000],  sp=0x0000009faa4feeb8,  free space=1019k
Native frames: (J=compiled Java code, j=interpreted, Vv=VM code, C=native code)
C  [MemMapLib.dll0+0x1cc3]
C  [MemMapLib.dll0+0x12dd]
C  0x000001d24deba02e

Java frames: (J=compiled Java code, j=interpreted, Vv=VM code)
j  com.CoginitiveForce.MemMapFile.write(I[BIIII)I+0
j  com.CoginitiveForce.ConnectionThread.SendAWTComponent(II)I+102
j  com.CoginitiveForce.ConnectionThread.onGiveAccFromPoint(III)I+293
j  com.CoginitiveForce.MemMapProxy.fireGiveAccFromPointEvent(III)I+7
v  ~StubRoutines::call_stub

---------------  P R O C E S S  ---------------

Java Threads: ( => current thread )
=>0x000001d262091800 JavaThread "Thread-2" [_thread_in_native, id=10856, stack(0x0000009faa400000,0x0000009faa500000)]
  0x000001d262072800 JavaThread "TimerQueue" daemon [_thread_blocked, id=12984, stack(0x0000009faa300000,0x0000009faa400000)]
  0x000001d24c4f3000 JavaThread "DestroyJavaVM" [_thread_blocked, id=12844, stack(0x0000009fa8a00000,0x0000009fa8b00000)]
  0x000001d2614b2000 JavaThread "AWT-EventQueue-0" [_thread_blocked, id=14664, stack(0x0000009fa9d00000,0x0000009fa9e00000)]
  0x000001d261451000 JavaThread "EventQueueMonitor-ComponentEvtDispatch" [_thread_blocked, id=7188, stack(0x0000009fa9c00000,0x0000009fa9d00000)]
  0x000001d261439000 JavaThread "AWT-Windows" daemon [_thread_in_native, id=1988, stack(0x0000009fa9b00000,0x0000009fa9c00000)]
  0x000001d2613e8000 JavaThread "AWT-Shutdown" [_thread_blocked, id=7616, stack(0x0000009fa9a00000,0x0000009fa9b00000)]
  0x000001d261430000 JavaThread "Java2D Disposer" daemon [_thread_blocked, id=4008, stack(0x0000009fa9900000,0x0000009fa9a00000)]
  0x000001d260590800 JavaThread "Service Thread" daemon [_thread_blocked, id=10752, stack(0x0000009fa9700000,0x0000009fa9800000)]
  0x000001d260516000 JavaThread "C1 CompilerThread2" daemon [_thread_blocked, id=15100, stack(0x0000009fa9600000,0x0000009fa9700000)]
  0x000001d260510800 JavaThread "C2 CompilerThread1" daemon [_thread_blocked, id=9672, stack(0x0000009fa9500000,0x0000009fa9600000)]
  0x000001d260509800 JavaThread "C2 CompilerThread0" daemon [_thread_blocked, id=15140, stack(0x0000009fa9400000,0x0000009fa9500000)]
  0x000001d260506000 JavaThread "Attach Listener" daemon [_thread_blocked, id=4416, stack(0x0000009fa9300000,0x0000009fa9400000)]
  0x000001d260505000 JavaThread "Signal Dispatcher" daemon [_thread_blocked, id=12024, stack(0x0000009fa9200000,0x0000009fa9300000)]
  0x000001d25fdb7800 JavaThread "Finalizer" daemon [_thread_blocked, id=5100, stack(0x0000009fa9100000,0x0000009fa9200000)]
  0x000001d2604e6000 JavaThread "Reference Handler" daemon [_thread_blocked, id=12444, stack(0x0000009fa9000000,0x0000009fa9100000)]

Other Threads:
  0x000001d2604c5800 VMThread [stack: 0x0000009fa8f00000,0x0000009fa9000000] [id=6552]
  0x000001d2605a1000 WatcherThread [stack: 0x0000009fa9800000,0x0000009fa9900000] [id=9348]

VM state:not at safepoint (normal execution)

VM Mutex/Monitor currently owned by a thread: None

heap address: 0x00000000c5800000, size: 936 MB, Compressed Oops mode: 32-bit
Narrow klass base: 0x0000000000000000, Narrow klass shift: 3
Compressed class space size: 1073741824 Address: 0x0000000100000000

Heap:
 PSYoungGen      total 17920K, used 14846K [0x00000000ec800000, 0x00000000edc00000, 0x0000000100000000)
  eden space 15360K, 96% used [0x00000000ec800000,0x00000000ed67fbd0,0x00000000ed700000)
  from space 2560K, 0% used [0x00000000ed980000,0x00000000ed980000,0x00000000edc00000)
  to   space 2560K, 0% used [0x00000000ed700000,0x00000000ed700000,0x00000000ed980000)
 ParOldGen       total 40960K, used 8192K [0x00000000c5800000, 0x00000000c8000000, 0x00000000ec800000)
  object space 40960K, 20% used [0x00000000c5800000,0x00000000c6000010,0x00000000c8000000)
 Metaspace       used 12969K, capacity 13192K, committed 13312K, reserved 1060864K
  class space    used 1657K, capacity 1748K, committed 1792K, reserved 1048576K

Card table byte_map: [0x000001d25d260000,0x000001d25d440000] byte_map_base: 0x000001d25cc34000

Marking Bits: (ParMarkBitMap*) 0x000000005f87d980
 Begin Bits: [0x000001d25d580000, 0x000001d25e420000)
 End Bits:   [0x000001d25e420000, 0x000001d25f2c0000)

Polling page: 0x000001d24de70000

CodeCache: size=245760Kb used=3033Kb max_used=3039Kb free=242726Kb
 bounds [0x000001d24dea0000, 0x000001d24e1a0000, 0x000001d25cea0000]
 total_blobs=1375 nmethods=872 adapters=416
 compilation: enabled

Compilation events (10 events):
Event: 16.124 Thread 0x000001d260516000 nmethod 867 0x000001d24e193810 code [0x000001d24e193a60, 0x000001d24e1946e0]
Event: 16.134 Thread 0x000001d260510800 nmethod 868 0x000001d24e198250 code [0x000001d24e1983a0, 0x000001d24e198998]
Event: 16.148 Thread 0x000001d260516000  869       3       sun.misc.FDBigInteger::mult (64 bytes)
Event: 16.149 Thread 0x000001d260516000 nmethod 869 0x000001d24e197990 code [0x000001d24e197b00, 0x000001d24e197d98]
Event: 16.149 Thread 0x000001d260516000  870       3       sun.misc.FDBigInteger::<init> (30 bytes)
Event: 16.149 Thread 0x000001d260516000 nmethod 870 0x000001d24e197510 code [0x000001d24e197680, 0x000001d24e197890]
Event: 16.149 Thread 0x000001d260516000  871       3       sun.misc.FDBigInteger::trimLeadingZeros (57 bytes)
Event: 16.150 Thread 0x000001d260516000 nmethod 871 0x000001d24e196f50 code [0x000001d24e1970c0, 0x000001d24e1973d8]
Event: 16.151 Thread 0x000001d260516000  872  s    1       java.lang.StringBuffer::length (5 bytes)
Event: 16.151 Thread 0x000001d260516000 nmethod 872 0x000001d24e196b10 code [0x000001d24e196c60, 0x000001d24e196ed8]

GC Heap History (0 events):
No events

Deoptimization events (6 events):
Event: 0.712 Thread 0x000001d2614d2000 Uncommon trap: reason=unstable_if action=reinterpret pc=0x000001d24e07e038 method=java.lang.String.<init>([CII)V @ 18
Event: 0.929 Thread 0x000001d2614b2000 Uncommon trap: reason=bimorphic action=maybe_recompile pc=0x000001d24e0851d4 method=java.util.HashMap.putVal(ILjava/lang/Object;Ljava/lang/Object;ZZ)Ljava/lang/Object; @ 152
Event: 1.195 Thread 0x000001d261451000 Uncommon trap: reason=bimorphic action=maybe_recompile pc=0x000001d24e0851d4 method=java.util.HashMap.putVal(ILjava/lang/Object;Ljava/lang/Object;ZZ)Ljava/lang/Object; @ 152
Event: 1.195 Thread 0x000001d261451000 Uncommon trap: reason=bimorphic action=maybe_recompile pc=0x000001d24e0851d4 method=java.util.HashMap.putVal(ILjava/lang/Object;Ljava/lang/Object;ZZ)Ljava/lang/Object; @ 152
Event: 1.198 Thread 0x000001d2614b2000 Uncommon trap: reason=bimorphic action=maybe_recompile pc=0x000001d24e0851d4 method=java.util.HashMap.putVal(ILjava/lang/Object;Ljava/lang/Object;ZZ)Ljava/lang/Object; @ 152
Event: 1.199 Thread 0x000001d2614b2000 Uncommon trap: reason=unstable_if action=reinterpret pc=0x000001d24e1384ac method=java.awt.MultipleGradientPaintContext.indexIntoGradientsArrays(F)I @ 13

Classes redefined (0 events):
No events

Internal exceptions (10 events):
Event: 0.589 Thread 0x000001d24c4f3000 Exception <a 'java/lang/ClassNotFoundException': ToggleButton> (0x00000000ecbc7b98) thrown at [C:\jenkins\workspace\8-2-build-windows-x64-cygwin\jdk8u371\3355\hotspot\src\share\vm\classfile\systemDictionary.cpp, line 212]
Event: 0.589 Thread 0x000001d24c4f3000 Exception <a 'java/lang/ClassNotFoundException': javax/swing/JToolBarSeparator> (0x00000000ecbc7ff8) thrown at [C:\jenkins\workspace\8-2-build-windows-x64-cygwin\jdk8u371\3355\hotspot\src\share\vm\classfile\systemDictionary.cpp, line 212]
Event: 0.590 Thread 0x000001d24c4f3000 Exception <a 'java/lang/ClassNotFoundException': ToolBarSeparator> (0x00000000ecbc8490) thrown at [C:\jenkins\workspace\8-2-build-windows-x64-cygwin\jdk8u371\3355\hotspot\src\share\vm\classfile\systemDictionary.cpp, line 212]
Event: 0.590 Thread 0x000001d24c4f3000 Exception <a 'java/lang/ClassNotFoundException': ToolTip> (0x00000000ecbc8bd0) thrown at [C:\jenkins\workspace\8-2-build-windows-x64-cygwin\jdk8u371\3355\hotspot\src\share\vm\classfile\systemDictionary.cpp, line 212]
Event: 0.591 Thread 0x000001d24c4f3000 Exception <a 'java/lang/ClassNotFoundException': Tree> (0x00000000ecbc97f0) thrown at [C:\jenkins\workspace\8-2-build-windows-x64-cygwin\jdk8u371\3355\hotspot\src\share\vm\classfile\systemDictionary.cpp, line 212]
Event: 0.591 Thread 0x000001d24c4f3000 Exception <a 'java/lang/ClassNotFoundException': Tree> (0x00000000ecbc9f30) thrown at [C:\jenkins\workspace\8-2-build-windows-x64-cygwin\jdk8u371\3355\hotspot\src\share\vm\classfile\systemDictionary.cpp, line 212]
Event: 0.592 Thread 0x000001d24c4f3000 Exception <a 'java/lang/ClassNotFoundException': javax/swing/JTreeCell> (0x00000000ecbca2b0) thrown at [C:\jenkins\workspace\8-2-build-windows-x64-cygwin\jdk8u371\3355\hotspot\src\share\vm\classfile\systemDictionary.cpp, line 212]
Event: 0.592 Thread 0x000001d24c4f3000 Exception <a 'java/lang/ClassNotFoundException': TreeCell> (0x00000000ecbca738) thrown at [C:\jenkins\workspace\8-2-build-windows-x64-cygwin\jdk8u371\3355\hotspot\src\share\vm\classfile\systemDictionary.cpp, line 212]
Event: 0.592 Thread 0x000001d24c4f3000 Exception <a 'java/lang/ClassNotFoundException': RootPane> (0x00000000ecbcb198) thrown at [C:\jenkins\workspace\8-2-build-windows-x64-cygwin\jdk8u371\3355\hotspot\src\share\vm\classfile\systemDictionary.cpp, line 212]
Event: 1.191 Thread 0x000001d261451000 Exception <a 'java/io/FileNotFoundException'> (0x00000000ed30cb90) thrown at [C:\jenkins\workspace\8-2-build-windows-x64-cygwin\jdk8u371\3355\hotspot\src\share\vm\prims\jni.cpp, line 710]

Events (10 events):
Event: 16.143 loading class javax/accessibility/AccessibleContext$1 done
Event: 16.143 Executing VM operation: RevokeBias
Event: 16.143 Executing VM operation: RevokeBias done
Event: 16.143 Executing VM operation: RevokeBias
Event: 16.143 Executing VM operation: RevokeBias done
Event: 16.144 Thread 0x000001d261e70800 Thread exited: 0x000001d261e70800
Event: 16.145 loading class sun/misc/FDBigInteger
Event: 16.146 loading class sun/misc/FDBigInteger done
Event: 16.149 loading class java/text/NumberFormat$Field
Event: 16.150 loading class java/text/NumberFormat$Field done


Dynamic libraries:
0x00007ff72be80000 - 0x00007ff72beca000 	C:\Program Files\Java\jdk-1.8\bin\java.exe
0x00007fff84830000 - 0x00007fff84a28000 	C:\Windows\SYSTEM32\ntdll.dll
0x00007fff83270000 - 0x00007fff8332d000 	C:\Windows\System32\KERNEL32.DLL
0x00007fff82230000 - 0x00007fff82502000 	C:\Windows\System32\KERNELBASE.dll
0x00007fff84150000 - 0x00007fff841fe000 	C:\Windows\System32\ADVAPI32.dll
0x00007fff83190000 - 0x00007fff8322e000 	C:\Windows\System32\msvcrt.dll
0x00007fff84200000 - 0x00007fff8429c000 	C:\Windows\System32\sechost.dll
0x00007fff83060000 - 0x00007fff83185000 	C:\Windows\System32\RPCRT4.dll
0x00007fff829a0000 - 0x00007fff82b3d000 	C:\Windows\System32\USER32.dll
0x00007fff82890000 - 0x00007fff828b2000 	C:\Windows\System32\win32u.dll
0x00007fff84710000 - 0x00007fff8473b000 	C:\Windows\System32\GDI32.dll
0x00007fff82120000 - 0x00007fff8222f000 	C:\Windows\System32\gdi32full.dll
0x00007fff82610000 - 0x00007fff826ad000 	C:\Windows\System32\msvcp_win.dll
0x00007fff82510000 - 0x00007fff82610000 	C:\Windows\System32\ucrtbase.dll
0x00007fff69bf0000 - 0x00007fff69e8a000 	C:\Windows\WinSxS\amd64_microsoft.windows.common-controls_6595b64144ccf1df_6.0.19041.1110_none_60b5254171f9507e\COMCTL32.dll
0x00007fff83230000 - 0x00007fff83262000 	C:\Windows\System32\IMM32.DLL
0x00007fff6a900000 - 0x00007fff6a91b000 	C:\Program Files\Java\jdk-1.8\jre\bin\vcruntime140.dll
0x00007fff66b60000 - 0x00007fff66b6c000 	C:\Program Files\Java\jdk-1.8\jre\bin\vcruntime140_1.dll
0x00007fff42170000 - 0x00007fff421fe000 	C:\Program Files\Java\jdk-1.8\jre\bin\msvcp140.dll
0x000000005f050000 - 0x000000005f8f7000 	C:\Program Files\Java\jdk-1.8\jre\bin\server\jvm.dll
0x00007fff84820000 - 0x00007fff84828000 	C:\Windows\System32\PSAPI.DLL
0x00007fff696a0000 - 0x00007fff696a9000 	C:\Windows\SYSTEM32\WSOCK32.dll
0x00007fff840e0000 - 0x00007fff8414b000 	C:\Windows\System32\WS2_32.dll
0x00007fff747e0000 - 0x00007fff747ea000 	C:\Windows\SYSTEM32\VERSION.dll
0x00007fff740d0000 - 0x00007fff740f7000 	C:\Windows\SYSTEM32\WINMM.dll
0x00007fff807c0000 - 0x00007fff807d2000 	C:\Windows\SYSTEM32\kernel.appcore.dll
0x00007fff69700000 - 0x00007fff69710000 	C:\Program Files\Java\jdk-1.8\jre\bin\verify.dll
0x00007fff4c280000 - 0x00007fff4c2ab000 	C:\Program Files\Java\jdk-1.8\jre\bin\java.dll
0x00007fff66e50000 - 0x00007fff66e68000 	C:\Program Files\Java\jdk-1.8\jre\bin\zip.dll
0x00007fff83330000 - 0x00007fff83a73000 	C:\Windows\System32\SHELL32.dll
0x00007fff7ff00000 - 0x00007fff80692000 	C:\Windows\SYSTEM32\windows.storage.dll
0x00007fff83a80000 - 0x00007fff83dd4000 	C:\Windows\System32\combase.dll
0x00007fff81960000 - 0x00007fff81990000 	C:\Windows\SYSTEM32\Wldp.dll
0x00007fff82b40000 - 0x00007fff82bed000 	C:\Windows\System32\SHCORE.dll
0x00007fff828c0000 - 0x00007fff82915000 	C:\Windows\System32\shlwapi.dll
0x00007fff81eb0000 - 0x00007fff81ecf000 	C:\Windows\SYSTEM32\profapi.dll
0x00007fff3e710000 - 0x00007fff3e88e000 	C:\Program Files\Java\jdk-1.8\jre\bin\awt.dll
0x00007fff82f30000 - 0x00007fff82ffd000 	C:\Windows\System32\OLEAUT32.dll
0x00007fff7f3a0000 - 0x00007fff7f431000 	C:\Windows\SYSTEM32\apphelp.dll
0x00007fff7f590000 - 0x00007fff7f62e000 	C:\Windows\system32\uxtheme.dll
0x00007fff82e10000 - 0x00007fff82f25000 	C:\Windows\System32\MSCTF.dll
0x00007fff82bf0000 - 0x00007fff82d1a000 	C:\Windows\System32\ole32.dll
0x00007fff82750000 - 0x00007fff827d2000 	C:\Windows\System32\bcryptPrimitives.dll
0x00007fff7f940000 - 0x00007fff7f96f000 	C:\Windows\system32\DWMAPI.DLL
0x00007fff4bb70000 - 0x00007fff4bbbf000 	C:\Program Files\Java\jdk-1.8\jre\bin\fontmanager.dll
0x00007fff54390000 - 0x00007fff544b5000 	C:\Windows\system32\opengl32.dll
0x00007fff69e90000 - 0x00007fff69ebc000 	C:\Windows\SYSTEM32\GLU32.dll
0x00007fff83e10000 - 0x00007fff83ebf000 	C:\Windows\System32\clbcatq.dll
0x00007fff78270000 - 0x00007fff78424000 	C:\Windows\SYSTEM32\WindowsCodecs.dll
0x00007fff826b0000 - 0x00007fff826d7000 	C:\Windows\System32\bcrypt.dll
0x00007fff65560000 - 0x00007fff6559e000 	C:\Windows\system32\dataexchange.dll
0x00007fff7d880000 - 0x00007fff7dae3000 	C:\Windows\system32\d3d11.dll
0x00007fff7e7c0000 - 0x00007fff7e9a3000 	C:\Windows\system32\dcomp.dll
0x00007fff80830000 - 0x00007fff80923000 	C:\Windows\system32\dxgi.dll
0x00007fff7aab0000 - 0x00007fff7acb0000 	C:\Windows\system32\twinapi.appcore.dll
0x00007fff65cc0000 - 0x00007fff65cdc000 	C:\Program Files\Java\jdk-1.8\jre\bin\net.dll
0x00007fff81650000 - 0x00007fff816ba000 	C:\Windows\system32\mswsock.dll
0x00007fff65a20000 - 0x00007fff65a33000 	C:\Program Files\Java\jdk-1.8\jre\bin\nio.dll
0x00007fff46ab0000 - 0x00007fff46af3000 	C:\Program Files\Java\jdk-1.8\jre\bin\t2k.dll
0x00007fff76dd0000 - 0x00007fff76ec9000 	C:\Windows\SYSTEM32\textinputframework.dll
0x00007fff7ed30000 - 0x00007fff7f08e000 	C:\Windows\System32\CoreUIComponents.dll
0x00007fff7f090000 - 0x00007fff7f182000 	C:\Windows\System32\CoreMessaging.dll
0x00007fff81090000 - 0x00007fff810c3000 	C:\Windows\SYSTEM32\ntmarta.dll
0x00007fff7e660000 - 0x00007fff7e7b4000 	C:\Windows\SYSTEM32\wintypes.dll
0x00007fff4a6d0000 - 0x00007fff4a6fa000 	C:\Program Files\Java\jdk-1.8\jre\bin\dcpr.dll
0x00007fff7f2f0000 - 0x00007fff7f300000 	C:\Users\novastar\AppData\Local\Temp\MemMapProxyLib.dll1
0x00007fff51310000 - 0x00007fff51323000 	C:\Users\novastar\AppData\Local\Temp\MemMapLib.dll0
0x00007fff7fd10000 - 0x00007fff7fef4000 	C:\Windows\SYSTEM32\dbghelp.dll

VM Arguments:
jvm_args: -Dfile.encoding=UTF-8 
java_command: App.Login
java_class_path (initial): C:\Program Files\NetBeans-17\netbeans\java\modules\ext\AbsoluteLayout.jar;C:\Users\novastar\Documents\NetBeansProjects\Proyecto_telas\lib\mssql-jdbc-12.2.0.jre8.jar;C:\Users\novastar\Documents\NetBeansProjects\Proyecto_telas\lib\jcalendar-1.4.jar;C:\Users\novastar\Desktop\sqljdbc_6.0\enu\jre8\sqljdbc42.jar;C:\Users\novastar\Documents\NetBeansProjects\Proyecto_telas\build\classes
Launcher Type: SUN_STANDARD

Environment Variables:
PATH=C:\Program Files\Java\jdk-17;C:\Program Files\Java\jdk-19;C:\Program Files\Java\jdk-1.8;C:\Program Files\Java\jdk-20;C:\Program Files\Common Files\Oracle\Java\javapath;C:\Program Files (x86)\Common Files\Oracle\Java\javapath;C:\Windows\system32;C:\Windows;C:\Windows\System32\Wbem;C:\Windows\System32\WindowsPowerShell\v1.0\;C:\Windows\System32\OpenSSH\;C:\laragon\bin\php\php-8.1.10-Win32-vs16-x64;C:\composer;C:\Program Files (x86)\Microsoft SQL Server\160\Tools\Binn\;C:\Program Files\Microsoft SQL Server\160\Tools\Binn\;C:\Program Files\Microsoft SQL Server\Client SDK\ODBC\170\Tools\Binn\;C:\Program Files\Microsoft SQL Server\160\DTS\Binn\;C:\Program Files (x86)\Microsoft SQL Server\160\DTS\Binn\;C:\Program Files\Azure Data Studio\bin;C:\Program Files\PuTTY\;C:\Program Files\Git\cmd;C:\Users\novastar\AppData\Local\Microsoft\WindowsApps;C:\Users\novastar\AppData\Roaming\Composer\vendor\bin;C:\Users\novastar\AppData\Local\Programs\Microsoft VS Code\bin;C:\Program Files\Azure Data Studio\bin;C:\Program Files\JetBrains\IntelliJ IDEA Community Edition 2023.1.2\bin;
USERNAME=novastar
OS=Windows_NT
PROCESSOR_IDENTIFIER=Intel64 Family 6 Model 140 Stepping 1, GenuineIntel



---------------  S Y S T E M  ---------------

OS: Windows 10 , 64 bit Build 19041 (10.0.19041.1889)

CPU:total 4 (initial active 4) (2 cores per cpu, 2 threads per core) family 6 model 140 stepping 1, cmov, cx8, fxsr, mmx, sse, sse2, sse3, ssse3, sse4.1, sse4.2, popcnt, avx, avx2, aes, clmul, erms, 3dnowpref, lzcnt, ht, tsc, tscinvbit, bmi1, bmi2, adx

Memory: 4k page, physical 3828308k(160760k free), swap 8996844k(2053996k free)

vm_info: Java HotSpot(TM) 64-Bit Server VM (25.371-b11) for windows-amd64 JRE (1.8.0_371-b11), built on Mar 17 2023 04:03:45 by "java_re" with MS VC++ 17.1 (VS2022)

time: Tue Dec  5 10:16:40 2023
timezone: Hora estándar, América Central
elapsed time: 16.221905 seconds (0d 0h 0m 16s)

